GPU available: True (cuda), used: True
TPU available: False, using: 0 TPU cores
IPU available: False, using: 0 IPUs
HPU available: False, using: 0 HPUs
LOCAL_RANK: 0 - CUDA_VISIBLE_DEVICES: [0]
  | Name         | Type                  | Params
-------------------------------------------------------
0 | segm_model   | DeepLabV3             | 42.0 M
1 | train_metric | BinaryJaccardIndex    | 0
2 | val_metric   | BinaryJaccardIndex    | 0
3 | test_metric  | BinaryJaccardIndex    | 0
4 | test_cm      | BinaryConfusionMatrix | 0
-------------------------------------------------------
42.0 M    Trainable params
0         Non-trainable params
42.0 M    Total params
168.008   Total estimated model params size (MB)
























































Epoch 0: 100%|███████████████████████████████████████████████████████████████████████████████████████████████████████████████████| 66/66 [01:50<00:00,  1.67s/it, v_num=29sf]

























































Epoch 1: 100%|███████████████████████████████████████████████████████████| 66/66 [01:50<00:00,  1.68s/it, v_num=29sf, val_loss=0.501, val_meanIOU=0.404, train_meanIOU=0.227]























































Epoch 2: 100%|███████████████████████████████████████████████████████████| 66/66 [01:49<00:00,  1.66s/it, v_num=29sf, val_loss=0.378, val_meanIOU=0.500, train_meanIOU=0.512]
























































Epoch 3: 100%|███████████████████████████████████████████████████████████| 66/66 [01:50<00:00,  1.68s/it, v_num=29sf, val_loss=0.323, val_meanIOU=0.447, train_meanIOU=0.604]
























































Epoch 4: 100%|███████████████████████████████████████████████████████████| 66/66 [01:51<00:00,  1.68s/it, v_num=29sf, val_loss=0.362, val_meanIOU=0.402, train_meanIOU=0.643]
























































Epoch 5: 100%|███████████████████████████████████████████████████████████| 66/66 [01:49<00:00,  1.66s/it, v_num=29sf, val_loss=0.341, val_meanIOU=0.386, train_meanIOU=0.673]























































Epoch 6: 100%|███████████████████████████████████████████████████████████| 66/66 [01:50<00:00,  1.68s/it, v_num=29sf, val_loss=0.397, val_meanIOU=0.263, train_meanIOU=0.702]

























































Epoch 7: 100%|███████████████████████████████████████████████████████████| 66/66 [01:50<00:00,  1.68s/it, v_num=29sf, val_loss=0.339, val_meanIOU=0.452, train_meanIOU=0.731]
























































Epoch 8: 100%|███████████████████████████████████████████████████████████| 66/66 [01:49<00:00,  1.66s/it, v_num=29sf, val_loss=0.390, val_meanIOU=0.330, train_meanIOU=0.746]























































Epoch 9: 100%|███████████████████████████████████████████████████████████| 66/66 [01:50<00:00,  1.68s/it, v_num=29sf, val_loss=0.390, val_meanIOU=0.307, train_meanIOU=0.746]
























































Epoch 10: 100%|██████████████████████████████████████████████████████████| 66/66 [01:50<00:00,  1.68s/it, v_num=29sf, val_loss=0.351, val_meanIOU=0.400, train_meanIOU=0.769]
























































Epoch 11: 100%|██████████████████████████████████████████████████████████| 66/66 [01:49<00:00,  1.66s/it, v_num=29sf, val_loss=0.348, val_meanIOU=0.407, train_meanIOU=0.783]























































Epoch 12: 100%|██████████████████████████████████████████████████████████| 66/66 [01:50<00:00,  1.68s/it, v_num=29sf, val_loss=0.347, val_meanIOU=0.407, train_meanIOU=0.786]


Validation DataLoader 0:  57%|████████████████████████████████████████████████████████████████▌                                                | 4/7 [00:02<00:01,  1.74it/s]
LOCAL_RANK: 0 - CUDA_VISIBLE_DEVICES: [0]

Testing DataLoader 0: 100%|████████████████████████████████████████████████████████████████████████████████████████████████████████████████████| 7/7 [00:03<00:00,  2.06it/s]tensor([[10699723,   832401],
        [ 1195215,  1428437]], device='cuda:0')
Testing DataLoader 0: 100%|████████████████████████████████████████████████████████████████████████████████████████████████████████████████████| 7/7 [00:03<00:00,  2.06it/s]
─────────────────────────────────────────────────────────────────────────────────────────────────────────────────────────────────────────────────────────────────────────────
       Test metric             DataLoader 0
─────────────────────────────────────────────────────────────────────────────────────────────────────────────────────────────────────────────────────────────────────────────
        test_loss           0.3494459092617035
      test_meanIOU           0.413314551115036
─────────────────────────────────────────────────────────────────────────────────────────────────────────────────────────────────────────────────────────────────────────────