GPU available: True (cuda), used: True
TPU available: False, using: 0 TPU cores
IPU available: False, using: 0 IPUs
HPU available: False, using: 0 HPUs
LOCAL_RANK: 0 - CUDA_VISIBLE_DEVICES: [0]
  | Name         | Type                  | Params
-------------------------------------------------------
0 | segm_model   | DeepLabV3             | 42.0 M
1 | train_metric | BinaryJaccardIndex    | 0
2 | val_metric   | BinaryJaccardIndex    | 0
3 | test_metric  | BinaryJaccardIndex    | 0
4 | test_cm      | BinaryConfusionMatrix | 0
-------------------------------------------------------
42.0 M    Trainable params
0         Non-trainable params
42.0 M    Total params
168.008   Total estimated model params size (MB)






















































Epoch 0: 100%|███████████████████████████████████████████████████████████████████████████████████████████████████████████████████| 63/63 [01:45<00:00,  1.67s/it, v_num=7zrm]
























































Epoch 1: 100%|██████████████████████████████████████████████████████████| 63/63 [01:45<00:00,  1.68s/it, v_num=7zrm, val_loss=0.348, val_meanIOU=0.0156, train_meanIOU=0.234]























































Epoch 2: 100%|██████████████████████████████████████████████████████████| 63/63 [01:44<00:00,  1.67s/it, v_num=7zrm, val_loss=0.260, val_meanIOU=0.0136, train_meanIOU=0.518]
























































Epoch 3: 100%|██████████████████████████████████████████████████████████| 63/63 [01:46<00:00,  1.69s/it, v_num=7zrm, val_loss=0.244, val_meanIOU=0.0112, train_meanIOU=0.599]























































Epoch 4: 100%|██████████████████████████████████████████████████████████| 63/63 [01:46<00:00,  1.69s/it, v_num=7zrm, val_loss=0.262, val_meanIOU=0.0546, train_meanIOU=0.654]























































Epoch 5: 100%|███████████████████████████████████████████████████████████| 63/63 [01:44<00:00,  1.66s/it, v_num=7zrm, val_loss=0.243, val_meanIOU=0.116, train_meanIOU=0.681]























































Epoch 6: 100%|███████████████████████████████████████████████████████████| 63/63 [01:46<00:00,  1.68s/it, v_num=7zrm, val_loss=0.280, val_meanIOU=0.122, train_meanIOU=0.705]






















































Epoch 7: 100%|██████████████████████████████████████████████████████████| 63/63 [01:46<00:00,  1.68s/it, v_num=7zrm, val_loss=0.248, val_meanIOU=0.0287, train_meanIOU=0.726]






















































Epoch 8: 100%|██████████████████████████████████████████████████████████| 63/63 [01:45<00:00,  1.67s/it, v_num=7zrm, val_loss=0.253, val_meanIOU=0.0641, train_meanIOU=0.734]























































Epoch 9: 100%|██████████████████████████████████████████████████████████| 63/63 [01:46<00:00,  1.69s/it, v_num=7zrm, val_loss=0.264, val_meanIOU=0.0742, train_meanIOU=0.749]






















































Epoch 10: 100%|█████████████████████████████████████████████████████████| 63/63 [01:44<00:00,  1.66s/it, v_num=7zrm, val_loss=0.261, val_meanIOU=0.0618, train_meanIOU=0.766]






















































Epoch 11: 100%|█████████████████████████████████████████████████████████| 63/63 [01:46<00:00,  1.69s/it, v_num=7zrm, val_loss=0.279, val_meanIOU=0.0559, train_meanIOU=0.775]






















































Epoch 12: 100%|█████████████████████████████████████████████████████████| 63/63 [01:46<00:00,  1.68s/it, v_num=7zrm, val_loss=0.271, val_meanIOU=0.0672, train_meanIOU=0.775]



Validation DataLoader 0:  91%|████████████████████████████████████████████████████████████████████████████████████████████████████▉          | 10/11 [00:05<00:00,  1.97it/s]
LOCAL_RANK: 0 - CUDA_VISIBLE_DEVICES: [0]


Testing DataLoader 0: 100%|██████████████████████████████████████████████████████████████████████████████████████████████████████████████████| 11/11 [00:05<00:00,  2.13it/s]tensor([[19425027,   282908],
        [ 1426207,    99522]], device='cuda:0')
Testing DataLoader 0: 100%|██████████████████████████████████████████████████████████████████████████████████████████████████████████████████| 11/11 [00:05<00:00,  2.13it/s]
─────────────────────────────────────────────────────────────────────────────────────────────────────────────────────────────────────────────────────────────────────────────
       Test metric             DataLoader 0
─────────────────────────────────────────────────────────────────────────────────────────────────────────────────────────────────────────────────────────────────────────────
        test_loss           0.27691569924354553
      test_meanIOU         0.055025968700647354
─────────────────────────────────────────────────────────────────────────────────────────────────────────────────────────────────────────────────────────────────────────────