GPU available: True (cuda), used: True
TPU available: False, using: 0 TPU cores
IPU available: False, using: 0 IPUs
HPU available: False, using: 0 HPUs
LOCAL_RANK: 0 - CUDA_VISIBLE_DEVICES: [0]
  | Name         | Type                  | Params
-------------------------------------------------------
0 | segm_model   | DeepLabV3             | 42.0 M
1 | train_metric | BinaryJaccardIndex    | 0
2 | val_metric   | BinaryJaccardIndex    | 0
3 | test_metric  | BinaryJaccardIndex    | 0
4 | test_cm      | BinaryConfusionMatrix | 0
-------------------------------------------------------
42.0 M    Trainable params
0         Non-trainable params
42.0 M    Total params
168.008   Total estimated model params size (MB)

Sanity Checking DataLoader 0:   0%|                                                                                                                                                                                                                                                                                                                     | 0/1 [00:00<?, ?it/s]































































































Epoch 11: 100%|██████████████████████████████████████████████████████████████████████████████████████████████████████████████████████████████████████████████████████████████████████████████████████████████████████████████████████████████████████████████████████████| 32/32 [00:14<00:00,  2.25it/s, v_num=uryl, val_loss=0.0933, val_meanIOU=0.537, train_meanIOU=0.838]




























































































Epoch 23: 100%|██████████████████████████████████████████████████████████████████████████████████████████████████████████████████████████████████████████████████████████████████████████████████████████████████████████████████████████████████████████████████████████| 32/32 [00:14<00:00,  2.21it/s, v_num=uryl, val_loss=0.0834, val_meanIOU=0.568, train_meanIOU=0.855]
























































































































































































Epoch 47: 100%|██████████████████████████████████████████████████████████████████████████████████████████████████████████████████████████████████████████████████████████████████████████████████████████████████████████████████████████████████████████████████████████| 32/32 [00:14<00:00,  2.20it/s, v_num=uryl, val_loss=0.0833, val_meanIOU=0.562, train_meanIOU=0.890]
LOCAL_RANK: 0 - CUDA_VISIBLE_DEVICES: [0]
Testing DataLoader 0: 100%|█████████████████████████████████████████████████████████████████████████████████████████████████████████████████████████████████████████████████████████████████████████████████████████████████████████████████████████████████████████████████████████████████████████████████████████████████████████████████████| 1/1 [00:00<00:00, 24.87it/s]tensor([[69005,  1815],
        [ 3842,  7258]], device='cuda:0')
Testing DataLoader 0: 100%|█████████████████████████████████████████████████████████████████████████████████████████████████████████████████████████████████████████████████████████████████████████████████████████████████████████████████████████████████████████████████████████████████████████████████████████████████████████████████████| 1/1 [00:00<00:00, 20.97it/s]
──────────────────────────────────────────────────────────────────────────────────────────────────────────────────────────────────────────────────────────────────────────────────────────────────────────────────────────────────────────────────────────────────────────────────────────────────────────────────────────────────────────────────────────────────────────────
       Test metric             DataLoader 0
──────────────────────────────────────────────────────────────────────────────────────────────────────────────────────────────────────────────────────────────────────────────────────────────────────────────────────────────────────────────────────────────────────────────────────────────────────────────────────────────────────────────────────────────────────────────
        test_loss           0.08329129219055176
      test_meanIOU          0.5619822144508362
──────────────────────────────────────────────────────────────────────────────────────────────────────────────────────────────────────────────────────────────────────────────────────────────────────────────────────────────────────────────────────────────────────────────────────────────────────────────────────────────────────────────────────────────────────────────