GPU available: True (cuda), used: True
TPU available: False, using: 0 TPU cores
IPU available: False, using: 0 IPUs
HPU available: False, using: 0 HPUs
LOCAL_RANK: 0 - CUDA_VISIBLE_DEVICES: [0]
  | Name         | Type                  | Params
-------------------------------------------------------
0 | segm_model   | DeepLabV3             | 42.0 M
1 | train_metric | BinaryJaccardIndex    | 0
2 | val_metric   | BinaryJaccardIndex    | 0
3 | test_metric  | BinaryJaccardIndex    | 0
4 | test_cm      | BinaryConfusionMatrix | 0
-------------------------------------------------------
42.0 M    Trainable params
0         Non-trainable params
42.0 M    Total params
168.008   Total estimated model params size (MB)


Sanity Checking DataLoader 0:   0%|                                                                                                                    | 0/2 [00:00<?, ?it/s]








































Epoch 0: 100%|███████████████████████████████████████████████████████████████████████████████████████████████████████████████████| 49/49 [01:22<00:00,  1.67s/it, v_num=zmax]















































Epoch 1: 100%|███████████████████████████████████████████████████████████| 49/49 [01:22<00:00,  1.69s/it, v_num=zmax, val_loss=0.482, val_meanIOU=0.334, train_meanIOU=0.201]















































Epoch 2: 100%|███████████████████████████████████████████████████████████| 49/49 [01:22<00:00,  1.69s/it, v_num=zmax, val_loss=0.309, val_meanIOU=0.370, train_meanIOU=0.481]















































Epoch 3: 100%|███████████████████████████████████████████████████████████| 49/49 [01:22<00:00,  1.69s/it, v_num=zmax, val_loss=0.277, val_meanIOU=0.412, train_meanIOU=0.585]
















































Epoch 4: 100%|███████████████████████████████████████████████████████████| 49/49 [01:22<00:00,  1.69s/it, v_num=zmax, val_loss=0.252, val_meanIOU=0.422, train_meanIOU=0.637]















































Epoch 5: 100%|███████████████████████████████████████████████████████████| 49/49 [01:21<00:00,  1.67s/it, v_num=zmax, val_loss=0.243, val_meanIOU=0.465, train_meanIOU=0.667]














































Epoch 6: 100%|███████████████████████████████████████████████████████████| 49/49 [01:22<00:00,  1.69s/it, v_num=zmax, val_loss=0.243, val_meanIOU=0.438, train_meanIOU=0.698]














































Epoch 7: 100%|███████████████████████████████████████████████████████████| 49/49 [01:21<00:00,  1.67s/it, v_num=zmax, val_loss=0.260, val_meanIOU=0.374, train_meanIOU=0.716]
















































Epoch 8: 100%|███████████████████████████████████████████████████████████| 49/49 [01:23<00:00,  1.70s/it, v_num=zmax, val_loss=0.237, val_meanIOU=0.429, train_meanIOU=0.741]














































Epoch 9: 100%|███████████████████████████████████████████████████████████| 49/49 [01:21<00:00,  1.66s/it, v_num=zmax, val_loss=0.260, val_meanIOU=0.365, train_meanIOU=0.753]
















































Epoch 10: 100%|██████████████████████████████████████████████████████████| 49/49 [01:23<00:00,  1.69s/it, v_num=zmax, val_loss=0.232, val_meanIOU=0.457, train_meanIOU=0.770]















































Epoch 11: 100%|██████████████████████████████████████████████████████████| 49/49 [01:21<00:00,  1.67s/it, v_num=zmax, val_loss=0.246, val_meanIOU=0.415, train_meanIOU=0.781]














































Epoch 12: 100%|██████████████████████████████████████████████████████████| 49/49 [01:23<00:00,  1.71s/it, v_num=zmax, val_loss=0.245, val_meanIOU=0.412, train_meanIOU=0.782]















































Epoch 13: 100%|██████████████████████████████████████████████████████████| 49/49 [01:21<00:00,  1.66s/it, v_num=zmax, val_loss=0.236, val_meanIOU=0.454, train_meanIOU=0.791]















































Epoch 14: 100%|██████████████████████████████████████████████████████████| 49/49 [01:22<00:00,  1.68s/it, v_num=zmax, val_loss=0.243, val_meanIOU=0.433, train_meanIOU=0.793]














































Epoch 15: 100%|██████████████████████████████████████████████████████████| 49/49 [01:21<00:00,  1.67s/it, v_num=zmax, val_loss=0.244, val_meanIOU=0.431, train_meanIOU=0.791]













































Epoch 16: 100%|██████████████████████████████████████████████████████████| 49/49 [01:24<00:00,  1.72s/it, v_num=zmax, val_loss=0.246, val_meanIOU=0.417, train_meanIOU=0.796]















































Epoch 17: 100%|██████████████████████████████████████████████████████████| 49/49 [01:21<00:00,  1.67s/it, v_num=zmax, val_loss=0.247, val_meanIOU=0.432, train_meanIOU=0.800]















































Epoch 18: 100%|██████████████████████████████████████████████████████████| 49/49 [01:23<00:00,  1.70s/it, v_num=zmax, val_loss=0.246, val_meanIOU=0.433, train_meanIOU=0.805]













































Epoch 19: 100%|██████████████████████████████████████████████████████████| 49/49 [01:21<00:00,  1.66s/it, v_num=zmax, val_loss=0.251, val_meanIOU=0.413, train_meanIOU=0.808]






Validation DataLoader 0:  96%|██████████████████████████████████████████████████████████████████████████████████████████████████████████▍    | 23/24 [00:11<00:00,  2.01it/s]
LOCAL_RANK: 0 - CUDA_VISIBLE_DEVICES: [0]






Testing DataLoader 0: 100%|██████████████████████████████████████████████████████████████████████████████████████████████████████████████████| 24/24 [00:12<00:00,  1.98it/s]tensor([[41911806,   855816],
        [ 4162751,  3401275]], device='cuda:0')
Testing DataLoader 0: 100%|██████████████████████████████████████████████████████████████████████████████████████████████████████████████████| 24/24 [00:12<00:00,  1.98it/s]
─────────────────────────────────────────────────────────────────────────────────────────────────────────────────────────────────────────────────────────────────────────────
       Test metric             DataLoader 0
─────────────────────────────────────────────────────────────────────────────────────────────────────────────────────────────────────────────────────────────────────────────
        test_loss           0.26040104031562805
      test_meanIOU          0.4039594829082489
─────────────────────────────────────────────────────────────────────────────────────────────────────────────────────────────────────────────────────────────────────────────