GPU available: True (cuda), used: True
TPU available: False, using: 0 TPU cores
IPU available: False, using: 0 IPUs
HPU available: False, using: 0 HPUs
LOCAL_RANK: 0 - CUDA_VISIBLE_DEVICES: [0]
  | Name         | Type                  | Params
-------------------------------------------------------
0 | segm_model   | DeepLabV3             | 42.0 M
1 | train_metric | BinaryJaccardIndex    | 0
2 | val_metric   | BinaryJaccardIndex    | 0
3 | test_metric  | BinaryJaccardIndex    | 0
4 | test_cm      | BinaryConfusionMatrix | 0
-------------------------------------------------------
42.0 M    Trainable params
0         Non-trainable params
42.0 M    Total params
168.008   Total estimated model params size (MB)

Sanity Checking DataLoader 0:   0%|                                                                                                                                                                                                                                                                                                                     | 0/2 [00:00<?, ?it/s]













Epoch 1: 100%|████████████████████████████████████████████████████████████████████████████████████████████████████████████████████████████████████████████████████████████████████████████████████████████████████████████████████████████████████████████████████████████| 29/29 [00:13<00:00,  2.22it/s, v_num=bazl, val_loss=0.457, val_meanIOU=0.414, train_meanIOU=0.200]







Epoch 2: 100%|████████████████████████████████████████████████████████████████████████████████████████████████████████████████████████████████████████████████████████████████████████████████████████████████████████████████████████████████████████████████████████████| 29/29 [00:13<00:00,  2.22it/s, v_num=bazl, val_loss=0.319, val_meanIOU=0.264, train_meanIOU=0.413]






















Epoch 5: 100%|████████████████████████████████████████████████████████████████████████████████████████████████████████████████████████████████████████████████████████████████████████████████████████████████████████████████████████████████████████████████████████████| 29/29 [00:12<00:00,  2.25it/s, v_num=bazl, val_loss=0.214, val_meanIOU=0.134, train_meanIOU=0.727]











































Epoch 11: 100%|███████████████████████████████████████████████████████████████████████████████████████████████████████████████████████████████████████████████████████████████████████████████████████████████████████████████████████████████████████████████████████████| 29/29 [00:13<00:00,  2.21it/s, v_num=bazl, val_loss=0.205, val_meanIOU=0.351, train_meanIOU=0.827]






Epoch 12: 100%|███████████████████████████████████████████████████████████████████████████████████████████████████████████████████████████████████████████████████████████████████████████████████████████████████████████████████████████████████████████████████████████| 29/29 [00:13<00:00,  2.22it/s, v_num=bazl, val_loss=0.203, val_meanIOU=0.362, train_meanIOU=0.827]






Epoch 13: 100%|███████████████████████████████████████████████████████████████████████████████████████████████████████████████████████████████████████████████████████████████████████████████████████████████████████████████████████████████████████████████████████████| 29/29 [00:13<00:00,  2.23it/s, v_num=bazl, val_loss=0.216, val_meanIOU=0.271, train_meanIOU=0.842]














Epoch 15: 100%|███████████████████████████████████████████████████████████████████████████████████████████████████████████████████████████████████████████████████████████████████████████████████████████████████████████████████████████████████████████████████████████| 29/29 [00:13<00:00,  2.09it/s, v_num=bazl, val_loss=0.211, val_meanIOU=0.272, train_meanIOU=0.831]





















Epoch 18: 100%|███████████████████████████████████████████████████████████████████████████████████████████████████████████████████████████████████████████████████████████████████████████████████████████████████████████████████████████████████████████████████████████| 29/29 [00:13<00:00,  2.16it/s, v_num=bazl, val_loss=0.210, val_meanIOU=0.302, train_meanIOU=0.841]

Validation DataLoader 0:   0%|                                                                                                                                                                                                                                                                                                                          | 0/3 [00:00<?, ?it/s]
LOCAL_RANK: 0 - CUDA_VISIBLE_DEVICES: [0]
Testing DataLoader 0: 100%|█████████████████████████████████████████████████████████████████████████████████████████████████████████████████████████████████████████████████████████████████████████████████████████████████████████████████████████████████████████████████████████████████████████████████████████████████████████████████████| 3/3 [00:00<00:00,  6.65it/s]tensor([[797021,  43757],
        [351852, 183626]], device='cuda:0')
Testing DataLoader 0: 100%|█████████████████████████████████████████████████████████████████████████████████████████████████████████████████████████████████████████████████████████████████████████████████████████████████████████████████████████████████████████████████████████████████████████████████████████████████████████████████████| 3/3 [00:00<00:00,  6.55it/s]
──────────────────────────────────────────────────────────────────────────────────────────────────────────────────────────────────────────────────────────────────────────────────────────────────────────────────────────────────────────────────────────────────────────────────────────────────────────────────────────────────────────────────────────────────────────────
       Test metric             DataLoader 0
──────────────────────────────────────────────────────────────────────────────────────────────────────────────────────────────────────────────────────────────────────────────────────────────────────────────────────────────────────────────────────────────────────────────────────────────────────────────────────────────────────────────────────────────────────────────
        test_loss           0.2117648869752884
      test_meanIOU          0.3170146942138672
──────────────────────────────────────────────────────────────────────────────────────────────────────────────────────────────────────────────────────────────────────────────────────────────────────────────────────────────────────────────────────────────────────────────────────────────────────────────────────────────────────────────────────────────────────────────