GPU available: True (cuda), used: True
TPU available: False, using: 0 TPU cores
IPU available: False, using: 0 IPUs
HPU available: False, using: 0 HPUs
LOCAL_RANK: 0 - CUDA_VISIBLE_DEVICES: [0]
  | Name         | Type                  | Params
-------------------------------------------------------
0 | segm_model   | DeepLabV3             | 42.0 M
1 | train_metric | BinaryJaccardIndex    | 0
2 | val_metric   | BinaryJaccardIndex    | 0
3 | test_metric  | BinaryJaccardIndex    | 0
4 | test_cm      | BinaryConfusionMatrix | 0
-------------------------------------------------------
42.0 M    Trainable params
0         Non-trainable params
42.0 M    Total params
168.008   Total estimated model params size (MB)


Sanity Checking DataLoader 0:   0%|                                                                                                                                                                                                                                                                                                                  | 0/2 [00:00<?, ?it/s]
















Epoch 0: 100%|█████████████████████████████████████████████████████████████████████████████████████████████████████████████████████████████████████████████████████████████████████████████████████████████████████████████████████████████████████████████████████████████████████████████████████████████████████████████████| 23/23 [00:34<00:00,  1.50s/it, v_num=6kce]
































































Epoch 1: 100%|████████████████████████████████████████████████████████████████████████████████████████████████████████████████████████████████████████████████████████████████████████████████████████████████████████████████████████████████████████████████████████| 23/23 [00:34<00:00,  1.49s/it, v_num=6kce, val_loss=0.541, val_meanIOU=0.0682, train_meanIOU=0.106]

































































Epoch 2: 100%|██████████████████████████████████████████████████████████████████████████████████████████████████████████████████████████████████████████████████████████████████████████████████████████████████████████████████████████████████████████████████████| 23/23 [00:34<00:00,  1.49s/it, v_num=6kce, val_loss=0.413, val_meanIOU=0.00883, train_meanIOU=0.0711]
































































Epoch 3: 100%|█████████████████████████████████████████████████████████████████████████████████████████████████████████████████████████████████████████████████████████████████████████████████████████████████████████████████████████████████████████████████████| 23/23 [00:33<00:00,  1.48s/it, v_num=6kce, val_loss=0.298, val_meanIOU=0.000292, train_meanIOU=0.0079]

































































Epoch 4: 100%|████████████████████████████████████████████████████████████████████████████████████████████████████████████████████████████████████████████████████████████████████████████████████████████████████████████████████████████████████████████████████████| 23/23 [00:34<00:00,  1.51s/it, v_num=6kce, val_loss=0.272, val_meanIOU=0.0753, train_meanIOU=0.103]
































































Epoch 5: 100%|█████████████████████████████████████████████████████████████████████████████████████████████████████████████████████████████████████████████████████████████████████████████████████████████████████████████████████████████████████████████████████████| 23/23 [00:33<00:00,  1.47s/it, v_num=6kce, val_loss=0.228, val_meanIOU=0.163, train_meanIOU=0.402]
































































Epoch 6: 100%|█████████████████████████████████████████████████████████████████████████████████████████████████████████████████████████████████████████████████████████████████████████████████████████████████████████████████████████████████████████████████████████| 23/23 [00:34<00:00,  1.48s/it, v_num=6kce, val_loss=0.208, val_meanIOU=0.240, train_meanIOU=0.509]
































































Epoch 7: 100%|█████████████████████████████████████████████████████████████████████████████████████████████████████████████████████████████████████████████████████████████████████████████████████████████████████████████████████████████████████████████████████████| 23/23 [00:33<00:00,  1.46s/it, v_num=6kce, val_loss=0.211, val_meanIOU=0.252, train_meanIOU=0.540]
































































Epoch 8: 100%|█████████████████████████████████████████████████████████████████████████████████████████████████████████████████████████████████████████████████████████████████████████████████████████████████████████████████████████████████████████████████████████| 23/23 [00:34<00:00,  1.52s/it, v_num=6kce, val_loss=0.203, val_meanIOU=0.245, train_meanIOU=0.587]
































































Epoch 9: 100%|█████████████████████████████████████████████████████████████████████████████████████████████████████████████████████████████████████████████████████████████████████████████████████████████████████████████████████████████████████████████████████████| 23/23 [00:34<00:00,  1.49s/it, v_num=6kce, val_loss=0.202, val_meanIOU=0.246, train_meanIOU=0.588]

































































Epoch 10: 100%|████████████████████████████████████████████████████████████████████████████████████████████████████████████████████████████████████████████████████████████████████████████████████████████████████████████████████████████████████████████████████████| 23/23 [00:33<00:00,  1.47s/it, v_num=6kce, val_loss=0.193, val_meanIOU=0.208, train_meanIOU=0.599]































































Epoch 11: 100%|████████████████████████████████████████████████████████████████████████████████████████████████████████████████████████████████████████████████████████████████████████████████████████████████████████████████████████████████████████████████████████| 23/23 [00:34<00:00,  1.49s/it, v_num=6kce, val_loss=0.190, val_meanIOU=0.253, train_meanIOU=0.622]
































































Epoch 12: 100%|████████████████████████████████████████████████████████████████████████████████████████████████████████████████████████████████████████████████████████████████████████████████████████████████████████████████████████████████████████████████████████| 23/23 [00:33<00:00,  1.48s/it, v_num=6kce, val_loss=0.185, val_meanIOU=0.234, train_meanIOU=0.638]

































































Epoch 13: 100%|████████████████████████████████████████████████████████████████████████████████████████████████████████████████████████████████████████████████████████████████████████████████████████████████████████████████████████████████████████████████████████| 23/23 [00:35<00:00,  1.55s/it, v_num=6kce, val_loss=0.188, val_meanIOU=0.219, train_meanIOU=0.646]































































Epoch 14: 100%|████████████████████████████████████████████████████████████████████████████████████████████████████████████████████████████████████████████████████████████████████████████████████████████████████████████████████████████████████████████████████████| 23/23 [00:33<00:00,  1.47s/it, v_num=6kce, val_loss=0.186, val_meanIOU=0.227, train_meanIOU=0.654]
































































Epoch 15: 100%|██████████████████████████████████| 23/23 [00:33<00:00,  1.47s/it, v_num=6kce, val_loss=0.190, val_meanIOU=0.237, train_meanIOU=0.662]































































Epoch 16: 100%|██████████████████████████████████| 23/23 [00:33<00:00,  1.47s/it, v_num=6kce, val_loss=0.186, val_meanIOU=0.232, train_meanIOU=0.664]

































































Epoch 17: 100%|██████████████████████████████████| 23/23 [00:34<00:00,  1.51s/it, v_num=6kce, val_loss=0.182, val_meanIOU=0.227, train_meanIOU=0.671]
































































Epoch 18: 100%|██████████████████████████████████| 23/23 [00:33<00:00,  1.46s/it, v_num=6kce, val_loss=0.180, val_meanIOU=0.187, train_meanIOU=0.672]
































































Epoch 19: 100%|██████████████████████████████████| 23/23 [00:34<00:00,  1.48s/it, v_num=6kce, val_loss=0.181, val_meanIOU=0.215, train_meanIOU=0.668]































































Epoch 20: 100%|██████████████████████████████████| 23/23 [00:33<00:00,  1.47s/it, v_num=6kce, val_loss=0.185, val_meanIOU=0.213, train_meanIOU=0.673]

































































Epoch 21: 100%|██████████████████████████████████| 23/23 [00:35<00:00,  1.53s/it, v_num=6kce, val_loss=0.179, val_meanIOU=0.222, train_meanIOU=0.677]
































































Epoch 22: 100%|██████████████████████████████████| 23/23 [00:34<00:00,  1.48s/it, v_num=6kce, val_loss=0.179, val_meanIOU=0.224, train_meanIOU=0.680]































































Epoch 23: 100%|██████████████████████████████████| 23/23 [00:33<00:00,  1.47s/it, v_num=6kce, val_loss=0.177, val_meanIOU=0.183, train_meanIOU=0.682]
































































Epoch 24: 100%|██████████████████████████████████| 23/23 [00:33<00:00,  1.47s/it, v_num=6kce, val_loss=0.176, val_meanIOU=0.188, train_meanIOU=0.673]
































































Epoch 25: 100%|██████████████████████████████████| 23/23 [00:34<00:00,  1.48s/it, v_num=6kce, val_loss=0.176, val_meanIOU=0.207, train_meanIOU=0.682]

































































Epoch 26: 100%|██████████████████████████████████| 23/23 [00:34<00:00,  1.51s/it, v_num=6kce, val_loss=0.174, val_meanIOU=0.210, train_meanIOU=0.689]
































































Epoch 27: 100%|██████████████████████████████████| 23/23 [00:33<00:00,  1.47s/it, v_num=6kce, val_loss=0.173, val_meanIOU=0.188, train_meanIOU=0.694]
































































Epoch 28: 100%|██████████████████████████████████| 23/23 [00:33<00:00,  1.47s/it, v_num=6kce, val_loss=0.172, val_meanIOU=0.210, train_meanIOU=0.704]

































































Epoch 29: 100%|██████████████████████████████████| 23/23 [00:34<00:00,  1.48s/it, v_num=6kce, val_loss=0.171, val_meanIOU=0.178, train_meanIOU=0.692]































































Epoch 30: 100%|██████████████████████████████████| 23/23 [00:35<00:00,  1.52s/it, v_num=6kce, val_loss=0.173, val_meanIOU=0.205, train_meanIOU=0.703]
































































Epoch 31: 100%|██████████████████████████████████| 23/23 [00:33<00:00,  1.47s/it, v_num=6kce, val_loss=0.169, val_meanIOU=0.221, train_meanIOU=0.708]































































Epoch 32: 100%|██████████████████████████████████| 23/23 [00:33<00:00,  1.47s/it, v_num=6kce, val_loss=0.171, val_meanIOU=0.210, train_meanIOU=0.706]
































































Epoch 33: 100%|██████████████████████████████████| 23/23 [00:34<00:00,  1.49s/it, v_num=6kce, val_loss=0.172, val_meanIOU=0.206, train_meanIOU=0.706]

































































Epoch 34: 100%|██████████████████████████████████| 23/23 [00:35<00:00,  1.53s/it, v_num=6kce, val_loss=0.168, val_meanIOU=0.204, train_meanIOU=0.711]
































































Epoch 35: 100%|██████████████████████████████████| 23/23 [00:34<00:00,  1.48s/it, v_num=6kce, val_loss=0.168, val_meanIOU=0.206, train_meanIOU=0.717]
































































Epoch 36: 100%|██████████████████████████████████| 23/23 [00:33<00:00,  1.48s/it, v_num=6kce, val_loss=0.168, val_meanIOU=0.216, train_meanIOU=0.724]































































Epoch 37: 100%|██████████████████████████████████| 23/23 [00:33<00:00,  1.46s/it, v_num=6kce, val_loss=0.169, val_meanIOU=0.188, train_meanIOU=0.728]
































































Epoch 38: 100%|██████████████████████████████████| 23/23 [00:33<00:00,  1.48s/it, v_num=6kce, val_loss=0.165, val_meanIOU=0.194, train_meanIOU=0.719]
































































Epoch 39: 100%|██████████████████████████████████| 23/23 [00:34<00:00,  1.52s/it, v_num=6kce, val_loss=0.164, val_meanIOU=0.174, train_meanIOU=0.728]
































































Epoch 40: 100%|██████████████████████████████████| 23/23 [00:33<00:00,  1.46s/it, v_num=6kce, val_loss=0.168, val_meanIOU=0.212, train_meanIOU=0.729]































































Epoch 41: 100%|██████████████████████████████████| 23/23 [00:33<00:00,  1.46s/it, v_num=6kce, val_loss=0.166, val_meanIOU=0.192, train_meanIOU=0.737]
































































Epoch 42: 100%|██████████████████████████████████| 23/23 [00:33<00:00,  1.47s/it, v_num=6kce, val_loss=0.165, val_meanIOU=0.197, train_meanIOU=0.736]































































Epoch 43: 100%|██████████████████████████████████| 23/23 [00:35<00:00,  1.53s/it, v_num=6kce, val_loss=0.168, val_meanIOU=0.178, train_meanIOU=0.729]































































Epoch 44: 100%|██████████████████████████████████| 23/23 [00:33<00:00,  1.47s/it, v_num=6kce, val_loss=0.167, val_meanIOU=0.189, train_meanIOU=0.748]

































































Epoch 45: 100%|██████████████████████████████████| 23/23 [00:33<00:00,  1.47s/it, v_num=6kce, val_loss=0.163, val_meanIOU=0.199, train_meanIOU=0.735]































































Epoch 46: 100%|██████████████████████████████████| 23/23 [00:34<00:00,  1.48s/it, v_num=6kce, val_loss=0.166, val_meanIOU=0.181, train_meanIOU=0.738]
































































Epoch 47: 100%|██████████████████████████████████| 23/23 [00:34<00:00,  1.50s/it, v_num=6kce, val_loss=0.166, val_meanIOU=0.204, train_meanIOU=0.748]































































Epoch 48: 100%|██████████████████████████████████| 23/23 [00:33<00:00,  1.48s/it, v_num=6kce, val_loss=0.164, val_meanIOU=0.192, train_meanIOU=0.752]

































































Epoch 49: 100%|██████████████████████████████████| 23/23 [00:34<00:00,  1.49s/it, v_num=6kce, val_loss=0.166, val_meanIOU=0.195, train_meanIOU=0.749]































































Epoch 50: 100%|██████████████████████████████████| 23/23 [00:33<00:00,  1.47s/it, v_num=6kce, val_loss=0.164, val_meanIOU=0.186, train_meanIOU=0.749]































































Epoch 51: 100%|██████████████████████████████████| 23/23 [00:33<00:00,  1.46s/it, v_num=6kce, val_loss=0.163, val_meanIOU=0.179, train_meanIOU=0.749]
































































Epoch 52: 100%|██████████████████████████████████| 23/23 [00:35<00:00,  1.53s/it, v_num=6kce, val_loss=0.163, val_meanIOU=0.177, train_meanIOU=0.751]
































































Epoch 53: 100%|██████████████████████████████████| 23/23 [00:33<00:00,  1.47s/it, v_num=6kce, val_loss=0.166, val_meanIOU=0.199, train_meanIOU=0.750]
































































Epoch 54: 100%|██████████████████████████████████| 23/23 [00:33<00:00,  1.46s/it, v_num=6kce, val_loss=0.165, val_meanIOU=0.183, train_meanIOU=0.754]















































Validation DataLoader 0:  98%|███████████████████████████████████████████████████████████████████████████████████▎ | 200/204 [01:32<00:01,  2.16it/s]
LOCAL_RANK: 0 - CUDA_VISIBLE_DEVICES: [0]


























































Testing DataLoader 0: 100%|████████████████████████████████████████████████████████████████████████████████████████| 249/249 [01:56<00:00,  2.13it/s]tensor([[483488115,   9704968],
        [ 18554153,   8477532]], device='cuda:0')
Testing DataLoader 0: 100%|████████████████████████████████████████████████████████████████████████████████████████| 249/249 [01:56<00:00,  2.13it/s]
─────────────────────────────────────────────────────────────────────────────────────────────────────────────────────────────────────────────────────
       Test metric             DataLoader 0
─────────────────────────────────────────────────────────────────────────────────────────────────────────────────────────────────────────────────────
        test_loss           0.17050547129259258
      test_meanIOU          0.2307649552822113
─────────────────────────────────────────────────────────────────────────────────────────────────────────────────────────────────────────────────────