GPU available: True (cuda), used: True
TPU available: False, using: 0 TPU cores
IPU available: False, using: 0 IPUs
HPU available: False, using: 0 HPUs
LOCAL_RANK: 0 - CUDA_VISIBLE_DEVICES: [0]
  | Name         | Type                  | Params
-------------------------------------------------------
0 | segm_model   | DeepLabV3             | 42.0 M
1 | train_metric | BinaryJaccardIndex    | 0
2 | val_metric   | BinaryJaccardIndex    | 0
3 | test_metric  | BinaryJaccardIndex    | 0
4 | test_cm      | BinaryConfusionMatrix | 0
-------------------------------------------------------
42.0 M    Trainable params
0         Non-trainable params
42.0 M    Total params
168.008   Total estimated model params size (MB)


Sanity Checking DataLoader 0:   0%|                                                                                                                    | 0/2 [00:00<?, ?it/s]











































Epoch 0: 100%|███████████████████████████████████████████████████████████████████████████████████████████████████████████████████| 53/53 [01:28<00:00,  1.67s/it, v_num=xwf4]

















































Epoch 1: 100%|██████████████████████████████████████████████████████████| 53/53 [01:28<00:00,  1.68s/it, v_num=xwf4, val_loss=0.469, val_meanIOU=0.0832, train_meanIOU=0.148]


















































Epoch 2: 100%|███████████████████████████████████████████████████████████| 53/53 [01:28<00:00,  1.66s/it, v_num=xwf4, val_loss=0.350, val_meanIOU=0.424, train_meanIOU=0.377]

















































Epoch 3: 100%|███████████████████████████████████████████████████████████| 53/53 [01:29<00:00,  1.68s/it, v_num=xwf4, val_loss=0.387, val_meanIOU=0.196, train_meanIOU=0.504]
















































Epoch 4: 100%|███████████████████████████████████████████████████████████| 53/53 [01:28<00:00,  1.66s/it, v_num=xwf4, val_loss=0.274, val_meanIOU=0.517, train_meanIOU=0.546]

















































Epoch 5: 100%|███████████████████████████████████████████████████████████| 53/53 [01:29<00:00,  1.69s/it, v_num=xwf4, val_loss=0.248, val_meanIOU=0.586, train_meanIOU=0.605]

















































Epoch 6: 100%|███████████████████████████████████████████████████████████| 53/53 [01:28<00:00,  1.66s/it, v_num=xwf4, val_loss=0.286, val_meanIOU=0.555, train_meanIOU=0.625]

















































Epoch 7: 100%|███████████████████████████████████████████████████████████| 53/53 [01:29<00:00,  1.68s/it, v_num=xwf4, val_loss=0.254, val_meanIOU=0.573, train_meanIOU=0.651]

















































Epoch 8: 100%|███████████████████████████████████████████████████████████| 53/53 [01:28<00:00,  1.66s/it, v_num=xwf4, val_loss=0.239, val_meanIOU=0.554, train_meanIOU=0.668]

















































Epoch 9: 100%|███████████████████████████████████████████████████████████| 53/53 [01:29<00:00,  1.69s/it, v_num=xwf4, val_loss=0.256, val_meanIOU=0.593, train_meanIOU=0.687]

















































Epoch 10: 100%|██████████████████████████████████████████████████████████| 53/53 [01:27<00:00,  1.66s/it, v_num=xwf4, val_loss=0.254, val_meanIOU=0.583, train_meanIOU=0.715]
















































Epoch 11: 100%|██████████████████████████████████████████████████████████| 53/53 [01:29<00:00,  1.68s/it, v_num=xwf4, val_loss=0.246, val_meanIOU=0.552, train_meanIOU=0.721]

















































Epoch 12: 100%|██████████████████████████████████████████████████████████| 53/53 [01:28<00:00,  1.67s/it, v_num=xwf4, val_loss=0.259, val_meanIOU=0.519, train_meanIOU=0.724]
















































Epoch 13: 100%|██████████████████████████████████████████████████████████| 53/53 [01:29<00:00,  1.69s/it, v_num=xwf4, val_loss=0.255, val_meanIOU=0.541, train_meanIOU=0.731]
















































Epoch 14: 100%|██████████████████████████████████████████████████████████| 53/53 [01:27<00:00,  1.66s/it, v_num=xwf4, val_loss=0.254, val_meanIOU=0.535, train_meanIOU=0.742]

















































Epoch 15: 100%|██████████████████████████████████████████████████████████| 53/53 [01:28<00:00,  1.68s/it, v_num=xwf4, val_loss=0.252, val_meanIOU=0.573, train_meanIOU=0.743]

















































Epoch 16: 100%|██████████████████████████████████████████████████████████| 53/53 [01:29<00:00,  1.68s/it, v_num=xwf4, val_loss=0.249, val_meanIOU=0.564, train_meanIOU=0.744]

















































Epoch 17: 100%|██████████████████████████████████████████████████████████| 53/53 [01:28<00:00,  1.66s/it, v_num=xwf4, val_loss=0.256, val_meanIOU=0.542, train_meanIOU=0.750]
















































Epoch 18: 100%|██████████████████████████████████████████████████████████| 53/53 [01:29<00:00,  1.68s/it, v_num=xwf4, val_loss=0.253, val_meanIOU=0.560, train_meanIOU=0.750]

















































Epoch 19: 100%|██████████████████████████████████████████████████████████| 53/53 [01:27<00:00,  1.66s/it, v_num=xwf4, val_loss=0.253, val_meanIOU=0.553, train_meanIOU=0.757]

















































Epoch 20: 100%|██████████████████████████████████████████████████████████| 53/53 [01:29<00:00,  1.68s/it, v_num=xwf4, val_loss=0.250, val_meanIOU=0.565, train_meanIOU=0.760]
















































Epoch 21: 100%|██████████████████████████████████████████████████████████| 53/53 [01:28<00:00,  1.67s/it, v_num=xwf4, val_loss=0.248, val_meanIOU=0.563, train_meanIOU=0.762]
















































Epoch 22: 100%|██████████████████████████████████████████████████████████| 53/53 [01:28<00:00,  1.68s/it, v_num=xwf4, val_loss=0.249, val_meanIOU=0.556, train_meanIOU=0.765]





Validation DataLoader 0:  85%|██████████████████████████████████████████████████████████████████████████████████████████████▎                | 17/20 [00:08<00:01,  1.95it/s]
LOCAL_RANK: 0 - CUDA_VISIBLE_DEVICES: [0]




Testing DataLoader 0: 100%|██████████████████████████████████████████████████████████████████████████████████████████████████████████████████| 20/20 [00:10<00:00,  1.98it/s]tensor([[32283048,  1847446],
        [ 2662891,  5149655]], device='cuda:0')
Testing DataLoader 0: 100%|██████████████████████████████████████████████████████████████████████████████████████████████████████████████████| 20/20 [00:10<00:00,  1.98it/s]
─────────────────────────────────────────────────────────────────────────────────────────────────────────────────────────────────────────────────────────────────────────────
       Test metric             DataLoader 0
─────────────────────────────────────────────────────────────────────────────────────────────────────────────────────────────────────────────────────────────────────────────
        test_loss           0.26239630579948425
      test_meanIOU          0.5330910086631775
─────────────────────────────────────────────────────────────────────────────────────────────────────────────────────────────────────────────────────────────────────────────