GPU available: True (cuda), used: True
TPU available: False, using: 0 TPU cores
IPU available: False, using: 0 IPUs
HPU available: False, using: 0 HPUs
LOCAL_RANK: 0 - CUDA_VISIBLE_DEVICES: [0]
  | Name         | Type                  | Params
-------------------------------------------------------
0 | segm_model   | DeepLabV3             | 42.0 M
1 | train_metric | BinaryJaccardIndex    | 0
2 | val_metric   | BinaryJaccardIndex    | 0
3 | test_metric  | BinaryJaccardIndex    | 0
4 | test_cm      | BinaryConfusionMatrix | 0
-------------------------------------------------------
42.0 M    Trainable params
0         Non-trainable params
42.0 M    Total params
168.008   Total estimated model params size (MB)



























































Epoch 0: 100%|███████████████████████████████████████████████████████████████████████████████████████████████████████████████████| 70/70 [01:57<00:00,  1.67s/it, v_num=jpz7]




























































Epoch 1: 100%|██████████████████████████████████████████████████████████| 70/70 [01:57<00:00,  1.68s/it, v_num=jpz7, val_loss=0.417, val_meanIOU=0.0373, train_meanIOU=0.198]




























































Epoch 2: 100%|█████████████████████████████████████████████████████████| 70/70 [01:57<00:00,  1.68s/it, v_num=jpz7, val_loss=0.331, val_meanIOU=0.00988, train_meanIOU=0.496]



























































Epoch 3: 100%|███████████████████████████████████████████████████████████| 70/70 [01:56<00:00,  1.66s/it, v_num=jpz7, val_loss=0.286, val_meanIOU=0.182, train_meanIOU=0.585]


























































Epoch 4: 100%|███████████████████████████████████████████████████████████| 70/70 [01:57<00:00,  1.68s/it, v_num=jpz7, val_loss=0.362, val_meanIOU=0.199, train_meanIOU=0.633]























































































































Epoch 6: 100%|██████████████████████████████████████████████████████████| 70/70 [01:56<00:00,  1.67s/it, v_num=jpz7, val_loss=0.327, val_meanIOU=0.0505, train_meanIOU=0.689]


























































Epoch 7: 100%|███████████████████████████████████████████████████████████| 70/70 [01:57<00:00,  1.68s/it, v_num=jpz7, val_loss=0.317, val_meanIOU=0.211, train_meanIOU=0.718]


























































Epoch 8: 100%|█████████████████████████████████████████████████████████| 70/70 [01:57<00:00,  1.68s/it, v_num=jpz7, val_loss=0.388, val_meanIOU=0.00994, train_meanIOU=0.740]






















































































































Epoch 10: 100%|█████████████████████████████████████████████████████████| 70/70 [01:56<00:00,  1.66s/it, v_num=jpz7, val_loss=0.373, val_meanIOU=0.0748, train_meanIOU=0.766]

























































































































Epoch 12: 100%|█████████████████████████████████████████████████████████| 70/70 [02:00<00:00,  1.72s/it, v_num=jpz7, val_loss=0.387, val_meanIOU=0.0471, train_meanIOU=0.779]
LOCAL_RANK: 0 - CUDA_VISIBLE_DEVICES: [0]
Testing DataLoader 0: 100%|████████████████████████████████████████████████████████████████████████████████████████████████████████████████████| 3/3 [00:01<00:00,  2.61it/s]tensor([[4122064,   11512],
        [ 556937,   28079]], device='cuda:0')
Testing DataLoader 0: 100%|████████████████████████████████████████████████████████████████████████████████████████████████████████████████████| 3/3 [00:01<00:00,  2.59it/s]
─────────────────────────────────────────────────────────────────────────────────────────────────────────────────────────────────────────────────────────────────────────────
       Test metric             DataLoader 0
─────────────────────────────────────────────────────────────────────────────────────────────────────────────────────────────────────────────────────────────────────────────
        test_loss           0.3867446482181549
      test_meanIOU         0.047070715576410294
─────────────────────────────────────────────────────────────────────────────────────────────────────────────────────────────────────────────────────────────────────────────