GPU available: True (cuda), used: True
TPU available: False, using: 0 TPU cores
IPU available: False, using: 0 IPUs
HPU available: False, using: 0 HPUs
LOCAL_RANK: 0 - CUDA_VISIBLE_DEVICES: [0]
  | Name         | Type                  | Params
-------------------------------------------------------
0 | segm_model   | DeepLabV3             | 42.0 M
1 | train_metric | BinaryJaccardIndex    | 0
2 | val_metric   | BinaryJaccardIndex    | 0
3 | test_metric  | BinaryJaccardIndex    | 0
4 | test_cm      | BinaryConfusionMatrix | 0
-------------------------------------------------------
42.0 M    Trainable params
0         Non-trainable params
42.0 M    Total params
168.008   Total estimated model params size (MB)


























































Epoch 0: 100%|███████████████████████████████████████████████████████████████████████████████████████████████████████████████████| 68/68 [01:53<00:00,  1.67s/it, v_num=b6z8]


























































Epoch 1: 100%|███████████████████████████████████████████████████████████| 68/68 [01:54<00:00,  1.68s/it, v_num=b6z8, val_loss=0.386, val_meanIOU=0.162, train_meanIOU=0.205]



























































Epoch 2: 100%|███████████████████████████████████████████████████████████| 68/68 [01:54<00:00,  1.68s/it, v_num=b6z8, val_loss=0.285, val_meanIOU=0.154, train_meanIOU=0.508]


























































Epoch 3: 100%|███████████████████████████████████████████████████████████| 68/68 [01:53<00:00,  1.66s/it, v_num=b6z8, val_loss=0.263, val_meanIOU=0.236, train_meanIOU=0.600]


























































Epoch 4: 100%|███████████████████████████████████████████████████████████| 68/68 [01:54<00:00,  1.68s/it, v_num=b6z8, val_loss=0.243, val_meanIOU=0.324, train_meanIOU=0.652]


























































Epoch 5: 100%|███████████████████████████████████████████████████████████| 68/68 [01:54<00:00,  1.68s/it, v_num=b6z8, val_loss=0.240, val_meanIOU=0.343, train_meanIOU=0.679]

























































Epoch 6: 100%|███████████████████████████████████████████████████████████| 68/68 [01:52<00:00,  1.66s/it, v_num=b6z8, val_loss=0.268, val_meanIOU=0.255, train_meanIOU=0.710]
























































Epoch 7: 100%|███████████████████████████████████████████████████████████| 68/68 [01:54<00:00,  1.68s/it, v_num=b6z8, val_loss=0.251, val_meanIOU=0.340, train_meanIOU=0.725]

























































Epoch 8: 100%|███████████████████████████████████████████████████████████| 68/68 [01:54<00:00,  1.68s/it, v_num=b6z8, val_loss=0.270, val_meanIOU=0.320, train_meanIOU=0.739]


























































Epoch 9: 100%|███████████████████████████████████████████████████████████| 68/68 [01:53<00:00,  1.67s/it, v_num=b6z8, val_loss=0.308, val_meanIOU=0.219, train_meanIOU=0.744]


























































Epoch 10: 100%|██████████████████████████████████████████████████████████| 68/68 [01:54<00:00,  1.68s/it, v_num=b6z8, val_loss=0.306, val_meanIOU=0.256, train_meanIOU=0.763]
























































Epoch 11: 100%|██████████████████████████████████████████████████████████| 68/68 [01:53<00:00,  1.68s/it, v_num=b6z8, val_loss=0.282, val_meanIOU=0.303, train_meanIOU=0.774]

























































Epoch 12: 100%|██████████████████████████████████████████████████████████| 68/68 [01:52<00:00,  1.66s/it, v_num=b6z8, val_loss=0.300, val_meanIOU=0.278, train_meanIOU=0.782]


























































Epoch 13: 100%|██████████████████████████████████████████████████████████| 68/68 [01:54<00:00,  1.68s/it, v_num=b6z8, val_loss=0.298, val_meanIOU=0.283, train_meanIOU=0.785]

























































Epoch 14: 100%|██████████████████████████████████████████████████████████| 68/68 [01:54<00:00,  1.68s/it, v_num=b6z8, val_loss=0.301, val_meanIOU=0.283, train_meanIOU=0.787]

























































Epoch 15: 100%|██████████████████████████████████████████████████████████| 68/68 [01:53<00:00,  1.66s/it, v_num=b6z8, val_loss=0.304, val_meanIOU=0.291, train_meanIOU=0.793]


























































Epoch 16: 100%|██████████████████████████████████████████████████████████| 68/68 [01:53<00:00,  1.68s/it, v_num=b6z8, val_loss=0.324, val_meanIOU=0.268, train_meanIOU=0.795]


























































Epoch 17: 100%|██████████████████████████████████████████████████████████| 68/68 [01:54<00:00,  1.68s/it, v_num=b6z8, val_loss=0.316, val_meanIOU=0.283, train_meanIOU=0.793]

























































Epoch 18: 100%|██████████████████████████████████████████████████████████| 68/68 [01:53<00:00,  1.67s/it, v_num=b6z8, val_loss=0.325, val_meanIOU=0.288, train_meanIOU=0.799]


























































Epoch 19: 100%|██████████████████████████████████████████████████████████| 68/68 [01:54<00:00,  1.68s/it, v_num=b6z8, val_loss=0.312, val_meanIOU=0.304, train_meanIOU=0.803]

Validation DataLoader 0:  20%|██████████████████████▌                                                                                          | 1/5 [00:00<00:01,  2.02it/s]
LOCAL_RANK: 0 - CUDA_VISIBLE_DEVICES: [0]
Testing DataLoader 0: 100%|████████████████████████████████████████████████████████████████████████████████████████████████████████████████████| 5/5 [00:02<00:00,  1.98it/s]tensor([[9037583,  111001],
        [ 954518,  382658]], device='cuda:0')
Testing DataLoader 0: 100%|████████████████████████████████████████████████████████████████████████████████████████████████████████████████████| 5/5 [00:02<00:00,  1.97it/s]
─────────────────────────────────────────────────────────────────────────────────────────────────────────────────────────────────────────────────────────────────────────────
       Test metric             DataLoader 0
─────────────────────────────────────────────────────────────────────────────────────────────────────────────────────────────────────────────────────────────────────────────
        test_loss           0.3368212580680847
      test_meanIOU          0.2642342746257782
─────────────────────────────────────────────────────────────────────────────────────────────────────────────────────────────────────────────────────────────────────────────