GPU available: True (cuda), used: True
TPU available: False, using: 0 TPU cores
IPU available: False, using: 0 IPUs
HPU available: False, using: 0 HPUs
LOCAL_RANK: 0 - CUDA_VISIBLE_DEVICES: [0]
  | Name         | Type                  | Params
-------------------------------------------------------
0 | segm_model   | DeepLabV3             | 42.0 M
1 | train_metric | BinaryJaccardIndex    | 0
2 | val_metric   | BinaryJaccardIndex    | 0
3 | test_metric  | BinaryJaccardIndex    | 0
4 | test_cm      | BinaryConfusionMatrix | 0
-------------------------------------------------------
42.0 M    Trainable params
0         Non-trainable params
42.0 M    Total params
168.008   Total estimated model params size (MB)


























































Epoch 0: 100%|█████████████████████████████████████████████████████████████████████████████████████████████████████████████████████████████████████████████████████████████████████████████████████████████████████████████████████████████████████████████████████████████████████████████████████████████████████████████████| 68/68 [01:53<00:00,  1.67s/it, v_num=jbtp]

























































Epoch 1: 100%|█████████████████████████████████████████████████████████████████████████████████████████████████████████████████████████████████████████████████████████████████████████████████████████████████████████████████████████████████████████████████████████| 68/68 [01:53<00:00,  1.68s/it, v_num=jbtp, val_loss=0.451, val_meanIOU=0.239, train_meanIOU=0.223]


























































Epoch 2: 100%|█████████████████████████████████████████████████████████████████████████████████████████████████████████████████████████████████████████████████████████████████████████████████████████████████████████████████████████████████████████████████████████| 68/68 [01:54<00:00,  1.68s/it, v_num=jbtp, val_loss=0.429, val_meanIOU=0.287, train_meanIOU=0.521]

























































Epoch 3: 100%|█████████████████████████████████████████████████████████████████████████████████████████████████████████████████████████████████████████████████████████████████████████████████████████████████████████████████████████████████████████████████████████| 68/68 [01:52<00:00,  1.66s/it, v_num=jbtp, val_loss=0.298, val_meanIOU=0.340, train_meanIOU=0.609]



























































Epoch 4: 100%|█████████████████████████████████████████████████████████████████████████████████████████████████████████████████████████████████████████████████████████████████████████████████████████████████████████████████████████████████████████████████████████| 68/68 [01:53<00:00,  1.67s/it, v_num=jbtp, val_loss=0.276, val_meanIOU=0.345, train_meanIOU=0.653]

























































Epoch 5: 100%|█████████████████████████████████████████████████████████████████████████████████████████████████████████████████████████████████████████████████████████████████████████████████████████████████████████████████████████████████████████████████████████| 68/68 [01:54<00:00,  1.68s/it, v_num=jbtp, val_loss=0.426, val_meanIOU=0.301, train_meanIOU=0.693]

























































Epoch 6: 100%|█████████████████████████████████████████████████████████████████████████████████████████████████████████████████████████████████████████████████████████████████████████████████████████████████████████████████████████████████████████████████████████| 68/68 [01:53<00:00,  1.66s/it, v_num=jbtp, val_loss=0.279, val_meanIOU=0.338, train_meanIOU=0.708]


























































Epoch 7: 100%|█████████████████████████████████████████████████████████████████████████████████████████████████████████████████████████████████████████████████████████████████████████████████████████████████████████████████████████████████████████████████████████| 68/68 [01:54<00:00,  1.68s/it, v_num=jbtp, val_loss=0.423, val_meanIOU=0.320, train_meanIOU=0.722]


























































Epoch 8: 100%|█████████████████████████████████████████████████████████████████████████████████████████████████████████████████████████████████████████████████████████████████████████████████████████████████████████████████████████████████████████████████████████| 68/68 [01:54<00:00,  1.68s/it, v_num=jbtp, val_loss=0.375, val_meanIOU=0.325, train_meanIOU=0.743]

























































Epoch 9: 100%|█████████████████████████████████████████████████████████████████████████████████████████████████████████████████████████████████████████████████████████████████████████████████████████████████████████████████████████████████████████████████████████| 68/68 [01:52<00:00,  1.66s/it, v_num=jbtp, val_loss=0.333, val_meanIOU=0.334, train_meanIOU=0.748]


























































Epoch 10: 100%|████████████████████████████████████████████████████████████████████████████████████████████████████████████████████████████████████████████████████████████████████████████████████████████████████████████████████████████████████████████████████████| 68/68 [01:54<00:00,  1.68s/it, v_num=jbtp, val_loss=0.269, val_meanIOU=0.338, train_meanIOU=0.762]

























































Epoch 11: 100%|████████████████████████████████████████████████████████████████████████████████████████████████████████████████████████████████████████████████████████████████████████████████████████████████████████████████████████████████████████████████████████| 68/68 [01:53<00:00,  1.67s/it, v_num=jbtp, val_loss=0.329, val_meanIOU=0.336, train_meanIOU=0.781]

























































Epoch 12: 100%|████████████████████████████████████████████████████████████████████████████████████████████████████████████████████████████████████████████████████████████████████████████████████████████████████████████████████████████████████████████████████████| 68/68 [01:52<00:00,  1.66s/it, v_num=jbtp, val_loss=0.334, val_meanIOU=0.333, train_meanIOU=0.784]

























































Epoch 13: 100%|████████████████████████████████████████████████████████████████████████████████████████████████████████████████████████████████████████████████████████████████████████████████████████████████████████████████████████████████████████████████████████| 68/68 [01:53<00:00,  1.68s/it, v_num=jbtp, val_loss=0.298, val_meanIOU=0.340, train_meanIOU=0.792]

























































Epoch 14: 100%|████████████████████████████████████████████████████████████████████████████████████████████████████████████████████████████████████████████████████████████████████████████████████████████████████████████████████████████████████████████████████████| 68/68 [01:53<00:00,  1.68s/it, v_num=jbtp, val_loss=0.370, val_meanIOU=0.322, train_meanIOU=0.790]

























































Epoch 15: 100%|████████████████████████████████████████████████████████████████████████████████████████████████████████████████████████████████████████████████████████████████████████████████████████████████████████████████████████████████████████████████████████| 68/68 [01:52<00:00,  1.66s/it, v_num=jbtp, val_loss=0.358, val_meanIOU=0.323, train_meanIOU=0.796]
























































Epoch 16: 100%|████████████████████████████████████████████████████████████████████████████████████████████████████████████████████████████████████████████████████████████████████████████████████████████████████████████████████████████████████████████████████████| 68/68 [01:54<00:00,  1.68s/it, v_num=jbtp, val_loss=0.349, val_meanIOU=0.335, train_meanIOU=0.798]

























































Epoch 17: 100%|████████████████████████████████████████████████████████████████████████████████████████████████████████████████████████████████████████████████████████████████████████████████████████████████████████████████████████████████████████████████████████| 68/68 [01:54<00:00,  1.68s/it, v_num=jbtp, val_loss=0.362, val_meanIOU=0.336, train_meanIOU=0.793]

























































Epoch 18: 100%|████████████████████████████████████████████████████████████████████████████████████████████████████████████████████████████████████████████████████████████████████████████████████████████████████████████████████████████████████████████████████████| 68/68 [01:52<00:00,  1.66s/it, v_num=jbtp, val_loss=0.376, val_meanIOU=0.331, train_meanIOU=0.801]


























































Epoch 19: 100%|████████████████████████████████████████████████████████████████████████████████████████████████████████████████████████████████████████████████████████████████████████████████████████████████████████████████████████████████████████████████████████| 68/68 [01:53<00:00,  1.68s/it, v_num=jbtp, val_loss=0.386, val_meanIOU=0.322, train_meanIOU=0.804]

Validation DataLoader 0:  20%|████████████████████████████████████████████████████████████▌                                                                                                                                                                                                                                                  | 1/5 [00:00<00:01,  2.03it/s]
Testing: 0it [00:00, ?it/s]

Testing DataLoader 0: 100%|██████████████████████████████████████████████████████████████████████████████████████████████████████████████████████████████████████████████████████████████████████████████████████████████████████████████████████████████████████████████████████████████████████████████████████████████████████████████████| 5/5 [00:02<00:00,  1.98it/s]tensor([[8621434,  972050],
        [ 292398,  599878]], device='cuda:0')
Testing DataLoader 0: 100%|██████████████████████████████████████████████████████████████████████████████████████████████████████████████████████████████████████████████████████████████████████████████████████████████████████████████████████████████████████████████████████████████████████████████████████████████████████████████████| 5/5 [00:02<00:00,  1.98it/s]
───────────────────────────────────────────────────────────────────────────────────────────────────────────────────────────────────────────────────────────────────────────────────────────────────────────────────────────────────────────────────────────────────────────────────────────────────────────────────────────────────────────────────────────────────────────
       Test metric             DataLoader 0
───────────────────────────────────────────────────────────────────────────────────────────────────────────────────────────────────────────────────────────────────────────────────────────────────────────────────────────────────────────────────────────────────────────────────────────────────────────────────────────────────────────────────────────────────────────
        test_loss           0.37297186255455017
      test_meanIOU          0.3217666745185852
───────────────────────────────────────────────────────────────────────────────────────────────────────────────────────────────────────────────────────────────────────────────────────────────────────────────────────────────────────────────────────────────────────────────────────────────────────────────────────────────────────────────────────────────────────────