GPU available: True (cuda), used: True
TPU available: False, using: 0 TPU cores
IPU available: False, using: 0 IPUs
HPU available: False, using: 0 HPUs
Sanity Checking: 0it [00:00, ?it/s]
LOCAL_RANK: 0 - CUDA_VISIBLE_DEVICES: [0]
  | Name         | Type                  | Params
-------------------------------------------------------
0 | segm_model   | DeepLabV3             | 42.0 M
1 | train_metric | BinaryJaccardIndex    | 0
2 | val_metric   | BinaryJaccardIndex    | 0
3 | test_metric  | BinaryJaccardIndex    | 0
4 | test_cm      | BinaryConfusionMatrix | 0
-------------------------------------------------------
42.0 M    Trainable params
0         Non-trainable params
42.0 M    Total params


Sanity Checking DataLoader 0:   0%|                                                                                                              | 0/2 [00:00<?, ?it/s]














Epoch 1: 100%|█████████████████████████████████████████████████████| 31/31 [00:13<00:00,  2.23it/s, v_num=kmo4, val_loss=0.484, val_meanIOU=0.191, train_meanIOU=0.200]







Epoch 2: 100%|█████████████████████████████████████████████████████| 31/31 [00:13<00:00,  2.24it/s, v_num=kmo4, val_loss=0.332, val_meanIOU=0.248, train_meanIOU=0.363]







Epoch 3: 100%|█████████████████████████████████████████████████████| 31/31 [00:13<00:00,  2.24it/s, v_num=kmo4, val_loss=0.250, val_meanIOU=0.364, train_meanIOU=0.485]




















































Epoch 10: 100%|████████████████████████████████████████████████████| 31/31 [00:13<00:00,  2.23it/s, v_num=kmo4, val_loss=0.307, val_meanIOU=0.447, train_meanIOU=0.825]





































Epoch 15: 100%|████████████████████████████████████████████████████| 31/31 [00:14<00:00,  2.12it/s, v_num=kmo4, val_loss=0.276, val_meanIOU=0.462, train_meanIOU=0.860]
Testing: 0it [00:00, ?it/s]
Testing DataLoader 0: 100%|██████████████████████████████████████████████████████████████████████████████████████████████████████████████| 2/2 [00:00<00:00, 10.22it/s]tensor([[436768,  60167],
        [ 22252,  70637]], device='cuda:0')
Testing DataLoader 0: 100%|██████████████████████████████████████████████████████████████████████████████████████████████████████████████| 2/2 [00:00<00:00,  9.36it/s]
───────────────────────────────────────────────────────────────────────────────────────────────────────────────────────────────────────────────────────────────────────
       Test metric             DataLoader 0
───────────────────────────────────────────────────────────────────────────────────────────────────────────────────────────────────────────────────────────────────────
        test_loss           0.2764498293399811
      test_meanIOU          0.4615108072757721
───────────────────────────────────────────────────────────────────────────────────────────────────────────────────────────────────────────────────────────────────────