GPU available: True (cuda), used: True
TPU available: False, using: 0 TPU cores
IPU available: False, using: 0 IPUs
HPU available: False, using: 0 HPUs
LOCAL_RANK: 0 - CUDA_VISIBLE_DEVICES: [0]
  | Name         | Type                  | Params
-------------------------------------------------------
0 | segm_model   | DeepLabV3             | 42.0 M
1 | train_metric | BinaryJaccardIndex    | 0
2 | val_metric   | BinaryJaccardIndex    | 0
3 | test_metric  | BinaryJaccardIndex    | 0
4 | test_cm      | BinaryConfusionMatrix | 0
-------------------------------------------------------
42.0 M    Trainable params
0         Non-trainable params
42.0 M    Total params
168.008   Total estimated model params size (MB)

Sanity Checking DataLoader 0:   0%|                                                                                                              | 0/2 [00:00<?, ?it/s]























































































































































Epoch 0: 100%|███████████████████████████████████████████████████████████████████████████████████████████████████████████| 746/746 [05:04<00:00,  2.45it/s, v_num=2fpp]























































































































































Epoch 1: 100%|█████████████████████████████████████████████████| 746/746 [05:04<00:00,  2.45it/s, v_num=2fpp, val_loss=0.835, val_meanIOU=0.0868, train_meanIOU=0.0141]

























































































































































Epoch 2: 100%|███████████████████████████████████████████████████| 746/746 [05:03<00:00,  2.45it/s, v_num=2fpp, val_loss=0.657, val_meanIOU=0.203, train_meanIOU=0.146]

























































































































































Epoch 3: 100%|███████████████████████████████████████████████████| 746/746 [05:04<00:00,  2.45it/s, v_num=2fpp, val_loss=0.547, val_meanIOU=0.290, train_meanIOU=0.184]



















































































































































Epoch 4: 100%|███████████████████████████████████████████████████| 746/746 [05:03<00:00,  2.46it/s, v_num=2fpp, val_loss=0.622, val_meanIOU=0.260, train_meanIOU=0.224]


























































































































































Epoch 5: 100%|███████████████████████████████████████████████████| 746/746 [05:04<00:00,  2.45it/s, v_num=2fpp, val_loss=0.499, val_meanIOU=0.340, train_meanIOU=0.239]























































































































































Epoch 6: 100%|███████████████████████████████████████████████████| 746/746 [05:03<00:00,  2.46it/s, v_num=2fpp, val_loss=0.469, val_meanIOU=0.356, train_meanIOU=0.277]
























































































































































Epoch 7: 100%|███████████████████████████████████████████████████| 746/746 [05:03<00:00,  2.46it/s, v_num=2fpp, val_loss=0.587, val_meanIOU=0.342, train_meanIOU=0.282]
































































Epoch 8:  41%|████████████████████▊                              | 305/746 [02:04<03:00,  2.45it/s, v_num=2fpp, val_loss=0.515, val_meanIOU=0.299, train_meanIOU=0.301]
/data/users/steven/miniconda3/envs/deepln/lib/python3.9/site-packages/pytorch_lightning/trainer/call.py:54: UserWarning: Detected KeyboardInterrupt, attempting graceful shutdown...
  rank_zero_warn("Detected KeyboardInterrupt, attempting graceful shutdown...")

Testing DataLoader 0: 100%|████████████████████████████████████████████████████████████████████████████████████████████████████████████| 23/23 [00:03<00:00,  7.22it/s]tensor([[10958552,   263556],
        [  295210,   279162]], device='cuda:0')
Testing DataLoader 0: 100%|████████████████████████████████████████████████████████████████████████████████████████████████████████████| 23/23 [00:03<00:00,  7.21it/s]
───────────────────────────────────────────────────────────────────────────────────────────────────────────────────────────────────────────────────────────────────────
       Test metric             DataLoader 0